<?xml version="1.0" encoding="UTF-8"?>
<!-- Generated by org.testng.reporters.JUnitXMLReporter -->
<testsuite ignored="0" hostname="LTIN674127" failures="1" tests="25" name="Test07" time="133.677" errors="0" timestamp="2026-02-17T12:11:30 IST">
  <testcase classname="testngmajor.US17P4_07t" name="tc1_paginationIsVisible" time="1.409"/>
  <testcase classname="testngmajor.US17P4_07t" name="tc2_pageNumbersSequential" time="2.652"/>
  <testcase classname="testngmajor.US17P4_07t" name="tc3_clickingPageChangesData" time="2.578"/>
  <testcase classname="testngmajor.US17P4_07t" name="tc4_activePageHighlighted" time="0.672"/>
  <testcase classname="testngmajor.US17P4_07t" name="tc5_paginationVisibleOnResize" time="7.72"/>
  <testcase classname="testngmajor.US17P4_09T" name="testTC01_AlphanumericAccepted" time="0.336"/>
  <testcase classname="testngmajor.US17P4_09T" name="testTC02_SpecialCharactersBehavior" time="0.305"/>
  <testcase classname="testngmajor.US17P4_09T" name="testTC03_MixedInputBehavior" time="0.502"/>
  <testcase classname="testngmajor.US17P4_16T" name="tc01_loginAndOpenRejectedPage" time="4.391"/>
  <testcase classname="testngmajor.US17P4_16T" name="tc02_verifyPageTitle" time="0.158"/>
  <testcase classname="testngmajor.US17P4_16T" name="tc03_verifyBreadcrumb" time="0.255"/>
  <testcase classname="testngmajor.US17P4_16T" name="tc04_breadcrumbDashboardNavigates" time="2.45"/>
  <testcase classname="testngmajor.US17P4_16T" name="tc05_highlightLeftMenuItem" time="1.117"/>
  <testcase classname="testngmajor.US17P4_18T" name="T01_scrollRightToStatus" time="0.726"/>
  <testcase classname="testngmajor.US17P4_18T" name="T02_allSpecifiedHeadersPresent" time="0.746"/>
  <testcase classname="testngmajor.US17P4_18T" name="T03_allSpecifiedHeadersAreBold" time="0.71"/>
  <testcase classname="testngmajor.US17P4_20T" name="testPaginationControlDisplayed" time="0.118"/>
  <testcase classname="testngmajor.US17P4_20T" name="testPageNumbersDisplayed" time="0.175"/>
  <testcase classname="testngmajor.US17P4_20T" name="testPageNavigation" time="2.719"/>
  <testcase classname="testngmajor.US17P4_25T" name="tc1_statusNotEditableOnClick" time="0.852"/>
  <testcase classname="testngmajor.US17P4_25T" name="tc2_statusNoCopyPaste" time="0.929"/>
  <testcase classname="testngmajor.US17P4_25T" name="tc3_statusDoesNotChangeOnTyping" time="1.093">
    <failure type="org.openqa.selenium.NoSuchSessionException" message="invalid session id: session deleted as the browser has closed the connection
from disconnected: not connected to DevTools
  (Session info: chrome=142.0.7444.176)
Build info: version: &amp;apos;4.39.0&amp;apos;, revision: &amp;apos;126f156aee&amp;apos;
System info: os.name: &amp;apos;Windows 11&amp;apos;, os.arch: &amp;apos;amd64&amp;apos;, os.version: &amp;apos;10.0&amp;apos;, java.version: &amp;apos;21.0.8&amp;apos;
Driver info: org.openqa.selenium.chrome.ChromeDriver
Command: [f3e9d207fd6020fd06b2d6083fbf8928, getElementText {id=f.D0C449CA1358927E9277D5571AF2000C.d.A4721116EF1C358F6A0828F2E5434E23.e.61}]
Capabilities {acceptInsecureCerts: false, browserName: chrome, browserVersion: 142.0.7444.176, chrome: {chromedriverVersion: 142.0.7444.175 (302067f14a4..., userDataDir: C:\Users\2461436\AppData\Lo...}, fedcm:accounts: true, goog:chromeOptions: {debuggerAddress: localhost:55631}, goog:processID: 22504, networkConnectionEnabled: false, pageLoadStrategy: normal, platformName: windows, proxy: Proxy(), se:cdp: ws://localhost:55631/devtoo..., se:cdpVersion: 142.0.7444.176, setWindowRect: true, strictFileInteractability: false, timeouts: {implicit: 0, pageLoad: 300000, script: 30000}, unhandledPromptBehavior: dismiss and notify, webauthn:extension:credBlob: true, webauthn:extension:largeBlob: true, webauthn:extension:minPinLength: true, webauthn:extension:prf: true, webauthn:virtualAuthenticators: true}
Element: [[ChromeDriver: chrome on windows (f3e9d207fd6020fd06b2d6083fbf8928)] -&amp;gt; xpath: //table[@id=&amp;apos;ContentPlaceHolder_Admin_gvRejectedHolders&amp;apos;]/tbody/tr[2]/td[11]]
Session ID: f3e9d207fd6020fd06b2d6083fbf8928">
      <![CDATA[org.openqa.selenium.NoSuchSessionException: invalid session id: session deleted as the browser has closed the connection
from disconnected: not connected to DevTools
  (Session info: chrome=142.0.7444.176)
Build info: version: '4.39.0', revision: '126f156aee'
System info: os.name: 'Windows 11', os.arch: 'amd64', os.version: '10.0', java.version: '21.0.8'
Driver info: org.openqa.selenium.chrome.ChromeDriver
Command: [f3e9d207fd6020fd06b2d6083fbf8928, getElementText {id=f.D0C449CA1358927E9277D5571AF2000C.d.A4721116EF1C358F6A0828F2E5434E23.e.61}]
Capabilities {acceptInsecureCerts: false, browserName: chrome, browserVersion: 142.0.7444.176, chrome: {chromedriverVersion: 142.0.7444.175 (302067f14a4..., userDataDir: C:\Users\2461436\AppData\Lo...}, fedcm:accounts: true, goog:chromeOptions: {debuggerAddress: localhost:55631}, goog:processID: 22504, networkConnectionEnabled: false, pageLoadStrategy: normal, platformName: windows, proxy: Proxy(), se:cdp: ws://localhost:55631/devtoo..., se:cdpVersion: 142.0.7444.176, setWindowRect: true, strictFileInteractability: false, timeouts: {implicit: 0, pageLoad: 300000, script: 30000}, unhandledPromptBehavior: dismiss and notify, webauthn:extension:credBlob: true, webauthn:extension:largeBlob: true, webauthn:extension:minPinLength: true, webauthn:extension:prf: true, webauthn:virtualAuthenticators: true}
Element: [[ChromeDriver: chrome on windows (f3e9d207fd6020fd06b2d6083fbf8928)] -> xpath: //table[@id='ContentPlaceHolder_Admin_gvRejectedHolders']/tbody/tr[2]/td[11]]
Session ID: f3e9d207fd6020fd06b2d6083fbf8928
at org.openqa.selenium.remote.ErrorCodec.decode(ErrorCodec.java:167)
at org.openqa.selenium.remote.codec.w3c.W3CHttpResponseCodec.decode(W3CHttpResponseCodec.java:142)
at org.openqa.selenium.remote.codec.w3c.W3CHttpResponseCodec.decode(W3CHttpResponseCodec.java:49)
at org.openqa.selenium.remote.HttpCommandExecutor.execute(HttpCommandExecutor.java:215)
at org.openqa.selenium.remote.service.DriverCommandExecutor.invokeExecute(DriverCommandExecutor.java:216)
at org.openqa.selenium.remote.service.DriverCommandExecutor.execute(DriverCommandExecutor.java:174)
at org.openqa.selenium.remote.RemoteWebDriver.execute(RemoteWebDriver.java:561)
at org.openqa.selenium.remote.RemoteWebElement.execute(RemoteWebElement.java:223)
at org.openqa.selenium.remote.RemoteWebElement.getText(RemoteWebElement.java:191)
at testngmajor.US17P4_25T.tc3_statusDoesNotChangeOnTyping(US17P4_25T.java:98)
at java.base/java.util.ArrayList.forEach(ArrayList.java:1596)
... Removed 28 stack frames]]>
    </failure>
  </testcase> <!-- tc3_statusDoesNotChangeOnTyping -->
  <testcase classname="testngmajor.US17P4_25T" name="tc4_statusAlwaysRejected" time="0.001">
    <skipped/>
  </testcase> <!-- tc4_statusAlwaysRejected -->
  <testcase classname="testngmajor.US17P4_25T" name="tc5_statusDoesNotChangeOnHover" time="0.0">
    <skipped/>
  </testcase> <!-- tc5_statusDoesNotChangeOnHover -->
  <testcase classname="testngmajor.US17P4_25T" name="tc6_noUiToChangeStatus" time="0.001">
    <skipped/>
  </testcase> <!-- tc6_noUiToChangeStatus -->
</testsuite> <!-- Test07 -->
