<?xml version="1.0" encoding="UTF-8"?>
<!-- Generated by org.testng.reporters.JUnitXMLReporter -->
<testsuite ignored="0" hostname="LTIN674127" failures="0" tests="25" name="Test" time="84.588" errors="0" timestamp="2026-02-17T17:58:54 IST">
  <testcase classname="insuredge_apurva.US17P4_07" name="tc1_paginationIsVisible" time="0.205"/>
  <testcase classname="insuredge_apurva.US17P4_07" name="tc2_pageNumbersSequential" time="1.714"/>
  <testcase classname="insuredge_apurva.US17P4_07" name="tc3_clickingPageChangesData" time="1.264"/>
  <testcase classname="insuredge_apurva.US17P4_07" name="tc4_activePageHighlighted" time="0.087"/>
  <testcase classname="insuredge_apurva.US17P4_07" name="tc5_paginationVisibleOnResize" time="2.42"/>
  <testcase classname="insuredge_apurva.US17P4_09" name="testTC01_AlphanumericAccepted" time="0.285"/>
  <testcase classname="insuredge_apurva.US17P4_09" name="testTC02_SpecialCharactersBehavior" time="0.265"/>
  <testcase classname="insuredge_apurva.US17P4_09" name="testTC03_MixedInputBehavior" time="0.425"/>
  <testcase classname="insuredge_apurva.US17P4_16" name="tc01_loginAndOpenRejectedPage" time="3.299"/>
  <testcase classname="insuredge_apurva.US17P4_16" name="tc02_verifyPageTitle" time="0.12"/>
  <testcase classname="insuredge_apurva.US17P4_16" name="tc03_verifyBreadcrumb" time="0.205"/>
  <testcase classname="insuredge_apurva.US17P4_16" name="tc04_breadcrumbDashboardNavigates" time="2.188"/>
  <testcase classname="insuredge_apurva.US17P4_16" name="tc05_highlightLeftMenuItem" time="1.12"/>
  <testcase classname="insuredge_apurva.US17P4_18" name="T01_scrollRightToStatus" time="0.181"/>
  <testcase classname="insuredge_apurva.US17P4_18" name="T02_allSpecifiedHeadersPresent" time="1.238"/>
  <testcase classname="insuredge_apurva.US17P4_18" name="T03_allSpecifiedHeadersAreBold" time="0.961"/>
  <testcase classname="insuredge_apurva.US17P4_20" name="testPaginationControlDisplayed" time="0.104"/>
  <testcase classname="insuredge_apurva.US17P4_20" name="testPageNumbersDisplayed" time="0.224"/>
  <testcase classname="insuredge_apurva.US17P4_20" name="testPageNavigation" time="0.801"/>
  <testcase classname="insuredge_apurva.US17P4_25" name="tc1_statusNotEditableOnClick" time="0.41"/>
  <testcase classname="insuredge_apurva.US17P4_25" name="tc2_statusNoCopyPaste" time="0.42"/>
  <testcase classname="insuredge_apurva.US17P4_25" name="tc3_statusDoesNotChangeOnTyping" time="0.42"/>
  <testcase classname="insuredge_apurva.US17P4_25" name="tc4_statusAlwaysRejected" time="0.099"/>
  <testcase classname="insuredge_apurva.US17P4_25" name="tc5_statusDoesNotChangeOnHover" time="0.85"/>
  <testcase classname="insuredge_apurva.US17P4_25" name="tc6_noUiToChangeStatus" time="0.111"/>
</testsuite> <!-- Test -->
