<?xml version="1.0" encoding="UTF-8"?>
<!-- Generated by org.testng.reporters.JUnitReportReporter -->
<testsuite hostname="LTIN674127" failures="0" tests="5" name="agile.us07" time="5.935" errors="0" timestamp="2026-02-17T16:15:37 IST" skipped="0">
  <testcase classname="agile.us07" name="tc1_paginationIsVisible" time="0.215"/>
  <testcase classname="agile.us07" name="tc2_pageNumbersSequential" time="1.699"/>
  <testcase classname="agile.us07" name="tc3_clickingPageChangesData" time="1.319"/>
  <testcase classname="agile.us07" name="tc4_activePageHighlighted" time="0.141"/>
  <testcase classname="agile.us07" name="tc5_paginationVisibleOnResize" time="2.561"/>
</testsuite> <!-- agile.us07 -->
