<?xml version="1.0" encoding="UTF-8"?>
<!-- Generated by org.testng.reporters.JUnitReportReporter -->
<testsuite hostname="LTIN674127" failures="0" tests="6" name="agile.us25" time="2.543" errors="0" timestamp="2026-02-17T17:26:36 IST" skipped="0">
  <testcase classname="agile.us25" name="tc4_statusAlwaysRejected" time="0.109"/>
  <testcase classname="agile.us25" name="tc3_statusDoesNotChangeOnTyping" time="0.443"/>
  <testcase classname="agile.us25" name="tc6_noUiToChangeStatus" time="0.106"/>
  <testcase classname="agile.us25" name="tc2_statusNoCopyPaste" time="0.496"/>
  <testcase classname="agile.us25" name="tc5_statusDoesNotChangeOnHover" time="0.881"/>
  <testcase classname="agile.us25" name="tc1_statusNotEditableOnClick" time="0.508"/>
</testsuite> <!-- agile.us25 -->
