<?xml version="1.0" encoding="UTF-8"?>
<!-- Generated by org.testng.reporters.JUnitReportReporter -->
<testsuite hostname="LTIN674127" failures="0" tests="3" name="testngmajor.US17P4_18T" time="2.182" errors="0" timestamp="2026-02-17T12:11:30 IST" skipped="0">
  <testcase classname="testngmajor.US17P4_18T" name="T01_scrollRightToStatus" time="0.726"/>
  <testcase classname="testngmajor.US17P4_18T" name="T02_allSpecifiedHeadersPresent" time="0.746"/>
  <testcase classname="testngmajor.US17P4_18T" name="T03_allSpecifiedHeadersAreBold" time="0.710"/>
</testsuite> <!-- testngmajor.US17P4_18T -->
