<?xml version="1.0" encoding="UTF-8"?>
<!-- Generated by org.testng.reporters.JUnitReportReporter -->
<testsuite hostname="LTIN674127" failures="0" tests="5" name="insuredge_apurva.US17P4_16" time="6.932" errors="0" timestamp="2026-02-17T17:58:54 IST" skipped="0">
  <testcase classname="insuredge_apurva.US17P4_16" name="tc01_loginAndOpenRejectedPage" time="3.299"/>
  <testcase classname="insuredge_apurva.US17P4_16" name="tc02_verifyPageTitle" time="0.120"/>
  <testcase classname="insuredge_apurva.US17P4_16" name="tc03_verifyBreadcrumb" time="0.205"/>
  <testcase classname="insuredge_apurva.US17P4_16" name="tc04_breadcrumbDashboardNavigates" time="2.188"/>
  <testcase classname="insuredge_apurva.US17P4_16" name="tc05_highlightLeftMenuItem" time="1.120"/>
</testsuite> <!-- insuredge_apurva.US17P4_16 -->
