<?xml version="1.0" encoding="UTF-8"?>
<!-- Generated by org.testng.reporters.JUnitReportReporter -->
<testsuite hostname="LTIN674127" failures="0" tests="5" name="testngmajor.US17P4_16T" time="8.371" errors="0" timestamp="2026-02-17T12:11:30 IST" skipped="0">
  <testcase classname="testngmajor.US17P4_16T" name="tc01_loginAndOpenRejectedPage" time="4.391"/>
  <testcase classname="testngmajor.US17P4_16T" name="tc02_verifyPageTitle" time="0.158"/>
  <testcase classname="testngmajor.US17P4_16T" name="tc03_verifyBreadcrumb" time="0.255"/>
  <testcase classname="testngmajor.US17P4_16T" name="tc04_breadcrumbDashboardNavigates" time="2.450"/>
  <testcase classname="testngmajor.US17P4_16T" name="tc05_highlightLeftMenuItem" time="1.117"/>
</testsuite> <!-- testngmajor.US17P4_16T -->
