<?xml version="1.0" encoding="UTF-8"?>
<!-- Generated by org.testng.reporters.JUnitReportReporter -->
<testsuite hostname="LTIN674127" failures="0" tests="3" name="insuredge_apurva.US17P4_20" time="1.129" errors="0" timestamp="2026-02-17T17:58:54 IST" skipped="0">
  <testcase classname="insuredge_apurva.US17P4_20" name="testPaginationControlDisplayed" time="0.104"/>
  <testcase classname="insuredge_apurva.US17P4_20" name="testPageNumbersDisplayed" time="0.224"/>
  <testcase classname="insuredge_apurva.US17P4_20" name="testPageNavigation" time="0.801"/>
</testsuite> <!-- insuredge_apurva.US17P4_20 -->
