<?xml version="1.0" encoding="UTF-8"?>
<!-- Generated by org.testng.reporters.JUnitReportReporter -->
<testsuite hostname="LTIN674127" failures="0" tests="3" name="agile.us20" time="1.290" errors="0" timestamp="2026-02-17T17:24:39 IST" skipped="0">
  <testcase classname="agile.us20" name="testPaginationControlDisplayed" time="0.158"/>
  <testcase classname="agile.us20" name="testPageNumbersDisplayed" time="0.227"/>
  <testcase classname="agile.us20" name="testPageNavigation" time="0.905"/>
</testsuite> <!-- agile.us20 -->
