<?xml version="1.0" encoding="UTF-8"?>
<!-- Generated by org.testng.reporters.JUnitReportReporter -->
<testsuite hostname="LTIN674127" failures="0" tests="3" name="testngmajor.US17P4_20T" time="3.012" errors="0" timestamp="2026-02-17T12:11:30 IST" skipped="0">
  <testcase classname="testngmajor.US17P4_20T" name="testPaginationControlDisplayed" time="0.118"/>
  <testcase classname="testngmajor.US17P4_20T" name="testPageNumbersDisplayed" time="0.175"/>
  <testcase classname="testngmajor.US17P4_20T" name="testPageNavigation" time="2.719"/>
</testsuite> <!-- testngmajor.US17P4_20T -->
