<?xml version="1.0" encoding="UTF-8"?>
<!-- Generated by org.testng.reporters.JUnitReportReporter -->
<testsuite hostname="LTIN674127" failures="0" tests="3" name="testngmajor.US17P4_09T" time="6.343" errors="0" timestamp="2026-02-17T12:11:30 IST" skipped="0">
  <testcase classname="testngmajor.US17P4_09T" name="testTC02_SpecialCharactersBehavior" time="2.071"/>
  <testcase classname="testngmajor.US17P4_09T" name="testTC03_MixedInputBehavior" time="2.528"/>
  <testcase classname="testngmajor.US17P4_09T" name="testTC01_AlphanumericAccepted" time="1.744"/>
</testsuite> <!-- testngmajor.US17P4_09T -->
