<?xml version="1.0" encoding="UTF-8"?>
<!-- Generated by org.testng.reporters.JUnitReportReporter -->
<testsuite hostname="LTIN674127" failures="0" tests="3" name="agile.us18" time="2.377" errors="0" timestamp="2026-02-17T17:20:49 IST" skipped="0">
  <testcase classname="agile.us18" name="T01_scrollRightToStatus" time="0.178"/>
  <testcase classname="agile.us18" name="T02_allSpecifiedHeadersPresent" time="1.209"/>
  <testcase classname="agile.us18" name="T03_allSpecifiedHeadersAreBold" time="0.990"/>
</testsuite> <!-- agile.us18 -->
