<?xml version="1.0" encoding="UTF-8"?>
<!-- Generated by org.testng.reporters.JUnitReportReporter -->
<testsuite hostname="LTIN674127" failures="0" tests="6" name="jira.US17P4_25" time="4.313" errors="0" timestamp="2026-02-17T09:20:02 IST" skipped="0">
  <testcase classname="jira.US17P4_25" name="tc2_statusNoCopyPaste" time="0.934"/>
  <testcase classname="jira.US17P4_25" name="tc4_statusAlwaysRejected" time="0.098"/>
  <testcase classname="jira.US17P4_25" name="tc5_statusDoesNotChangeOnHover" time="1.276"/>
  <testcase classname="jira.US17P4_25" name="tc1_statusNotEditableOnClick" time="0.909"/>
  <testcase classname="jira.US17P4_25" name="tc3_statusDoesNotChangeOnTyping" time="0.998"/>
  <testcase classname="jira.US17P4_25" name="tc6_noUiToChangeStatus" time="0.098"/>
</testsuite> <!-- jira.US17P4_25 -->
