<?xml version="1.0" encoding="UTF-8"?>
<!-- Generated by org.testng.reporters.JUnitReportReporter -->
<testsuite hostname="LTIN674127" failures="0" tests="5" name="insuredge_apurva.US17P4_07" time="5.690" errors="0" timestamp="2026-02-17T17:58:54 IST" skipped="0">
  <testcase classname="insuredge_apurva.US17P4_07" name="tc1_paginationIsVisible" time="0.205"/>
  <testcase classname="insuredge_apurva.US17P4_07" name="tc2_pageNumbersSequential" time="1.714"/>
  <testcase classname="insuredge_apurva.US17P4_07" name="tc3_clickingPageChangesData" time="1.264"/>
  <testcase classname="insuredge_apurva.US17P4_07" name="tc4_activePageHighlighted" time="0.087"/>
  <testcase classname="insuredge_apurva.US17P4_07" name="tc5_paginationVisibleOnResize" time="2.420"/>
</testsuite> <!-- insuredge_apurva.US17P4_07 -->
