<?xml version="1.0" encoding="UTF-8"?>
<!-- Generated by org.testng.reporters.JUnitReportReporter -->
<testsuite hostname="LTIN674127" failures="0" tests="3" name="insuredge_apurva.US17P4_18" time="2.380" errors="0" timestamp="2026-02-17T17:58:54 IST" skipped="0">
  <testcase classname="insuredge_apurva.US17P4_18" name="T01_scrollRightToStatus" time="0.181"/>
  <testcase classname="insuredge_apurva.US17P4_18" name="T02_allSpecifiedHeadersPresent" time="1.238"/>
  <testcase classname="insuredge_apurva.US17P4_18" name="T03_allSpecifiedHeadersAreBold" time="0.961"/>
</testsuite> <!-- insuredge_apurva.US17P4_18 -->
