<?xml version="1.0" encoding="UTF-8"?>
<!-- Generated by org.testng.reporters.JUnitReportReporter -->
<testsuite hostname="LTIN674127" failures="0" tests="5" name="agile.us16" time="8.335" errors="0" timestamp="2026-02-17T17:18:43 IST" skipped="0">
  <testcase classname="agile.us16" name="tc01_loginAndOpenRejectedPage" time="4.373"/>
  <testcase classname="agile.us16" name="tc02_verifyPageTitle" time="0.105"/>
  <testcase classname="agile.us16" name="tc03_verifyBreadcrumb" time="0.238"/>
  <testcase classname="agile.us16" name="tc04_breadcrumbDashboardNavigates" time="2.479"/>
  <testcase classname="agile.us16" name="tc05_highlightLeftMenuItem" time="1.140"/>
</testsuite> <!-- agile.us16 -->
