<?xml version="1.0" encoding="UTF-8"?>
<!-- Generated by org.testng.reporters.JUnitReportReporter -->
<testsuite hostname="LTIN674127" failures="0" tests="3" name="insuredge_apurva.US17P4_09" time="5.657" errors="0" timestamp="2026-02-17T17:58:54 IST" skipped="0">
  <testcase classname="insuredge_apurva.US17P4_09" name="testTC03_MixedInputBehavior" time="2.151"/>
  <testcase classname="insuredge_apurva.US17P4_09" name="testTC01_AlphanumericAccepted" time="1.399"/>
  <testcase classname="insuredge_apurva.US17P4_09" name="testTC02_SpecialCharactersBehavior" time="2.107"/>
</testsuite> <!-- insuredge_apurva.US17P4_09 -->
