<?xml version="1.0" encoding="UTF-8"?>
<!-- Generated by org.testng.reporters.JUnitReportReporter -->
<testsuite hostname="LTIN674127" failures="0" tests="4" name="testng.first" time="13.999" errors="0" timestamp="2026-02-10T13:06:27 IST" skipped="0">
  <testcase classname="testng.first" name="open" time="11.428"/>
  <testcase classname="testng.first" name="testlogo" time="2.054"/>
  <testcase classname="testng.first" name="login" time="0.257"/>
  <testcase classname="testng.first" name="close" time="0.260"/>
</testsuite> <!-- testng.first -->
