<?xml version="1.0" encoding="UTF-8"?>
<!-- Generated by org.testng.reporters.JUnitReportReporter -->
<testsuite hostname="LTIN674127" failures="0" tests="3" name="agile.us09" time="5.195" errors="0" timestamp="2026-02-17T17:11:36 IST" skipped="0">
  <testcase classname="agile.us09" name="testTC01_AlphanumericAccepted" time="1.859"/>
  <testcase classname="agile.us09" name="testTC03_MixedInputBehavior" time="1.694"/>
  <testcase classname="agile.us09" name="testTC02_SpecialCharactersBehavior" time="1.642"/>
</testsuite> <!-- agile.us09 -->
