<?xml version="1.0" encoding="UTF-8"?>
<!-- Generated by org.testng.reporters.JUnitReportReporter -->
<testsuite hostname="LTIN674127" failures="0" tests="6" name="insuredge_apurva.US17P4_25" time="2.310" errors="0" timestamp="2026-02-17T17:58:54 IST" skipped="0">
  <testcase classname="insuredge_apurva.US17P4_25" name="tc4_statusAlwaysRejected" time="0.099"/>
  <testcase classname="insuredge_apurva.US17P4_25" name="tc2_statusNoCopyPaste" time="0.420"/>
  <testcase classname="insuredge_apurva.US17P4_25" name="tc5_statusDoesNotChangeOnHover" time="0.850"/>
  <testcase classname="insuredge_apurva.US17P4_25" name="tc1_statusNotEditableOnClick" time="0.410"/>
  <testcase classname="insuredge_apurva.US17P4_25" name="tc3_statusDoesNotChangeOnTyping" time="0.420"/>
  <testcase classname="insuredge_apurva.US17P4_25" name="tc6_noUiToChangeStatus" time="0.111"/>
</testsuite> <!-- insuredge_apurva.US17P4_25 -->
