<?xml version="1.0" encoding="UTF-8"?>
<!-- Generated by org.testng.reporters.JUnitReportReporter -->
<testsuite hostname="LTIN674127" failures="0" tests="5" name="testngmajor.US17P4_07t" time="15.031" errors="0" timestamp="2026-02-17T12:11:30 IST" skipped="0">
  <testcase classname="testngmajor.US17P4_07t" name="tc1_paginationIsVisible" time="1.409"/>
  <testcase classname="testngmajor.US17P4_07t" name="tc2_pageNumbersSequential" time="2.652"/>
  <testcase classname="testngmajor.US17P4_07t" name="tc3_clickingPageChangesData" time="2.578"/>
  <testcase classname="testngmajor.US17P4_07t" name="tc4_activePageHighlighted" time="0.672"/>
  <testcase classname="testngmajor.US17P4_07t" name="tc5_paginationVisibleOnResize" time="7.720"/>
</testsuite> <!-- testngmajor.US17P4_07t -->
